[2020-05-18 13:46:09.961] [exthost] [info] extension host started
[2020-05-18 13:46:10.262] [exthost] [info] ExtensionService#_doActivateExtension vscode.debug-auto-launch {"startup":true,"extensionId":{"value":"vscode.debug-auto-launch","_lower":"vscode.debug-auto-launch"},"activationEvent":"*"}
[2020-05-18 13:46:10.263] [exthost] [info] ExtensionService#loadCommonJSModule file:///usr/lib/lib/vscode/extensions/debug-auto-launch/dist/extension
[2020-05-18 13:46:10.268] [exthost] [info] ExtensionService#_doActivateExtension vscode.emmet {"startup":true,"extensionId":{"value":"vscode.emmet","_lower":"vscode.emmet"},"activationEvent":"*"}
[2020-05-18 13:46:10.268] [exthost] [info] ExtensionService#loadCommonJSModule file:///usr/lib/lib/vscode/extensions/emmet/dist/extension
[2020-05-18 13:46:10.305] [exthost] [info] ExtensionService#_doActivateExtension vscode.git {"startup":true,"extensionId":{"value":"vscode.git","_lower":"vscode.git"},"activationEvent":"*"}
[2020-05-18 13:46:10.305] [exthost] [info] ExtensionService#loadCommonJSModule file:///usr/lib/lib/vscode/extensions/git/dist/main
[2020-05-18 13:46:10.365] [exthost] [info] ExtensionService#_doActivateExtension vscode.github-authentication {"startup":true,"extensionId":{"value":"vscode.github-authentication","_lower":"vscode.github-authentication"},"activationEvent":"*"}
[2020-05-18 13:46:10.366] [exthost] [info] ExtensionService#loadCommonJSModule file:///usr/lib/lib/vscode/extensions/github-authentication/dist/extension.js
[2020-05-18 13:46:10.369] [exthost] [info] ExtensionService#_doActivateExtension vscode.merge-conflict {"startup":true,"extensionId":{"value":"vscode.merge-conflict","_lower":"vscode.merge-conflict"},"activationEvent":"*"}
[2020-05-18 13:46:10.369] [exthost] [info] ExtensionService#loadCommonJSModule file:///usr/lib/lib/vscode/extensions/merge-conflict/dist/extension
[2020-05-18 13:46:10.374] [exthost] [info] ExtensionService#_doActivateExtension vscode.search-result {"startup":true,"extensionId":{"value":"vscode.search-result","_lower":"vscode.search-result"},"activationEvent":"*"}
[2020-05-18 13:46:10.374] [exthost] [info] ExtensionService#loadCommonJSModule file:///usr/lib/lib/vscode/extensions/search-result/dist/extension.js
[2020-05-18 13:46:10.375] [exthost] [info] ExtensionService#_doActivateExtension vscode.vscode-account {"startup":true,"extensionId":{"value":"vscode.vscode-account","_lower":"vscode.vscode-account"},"activationEvent":"*"}
[2020-05-18 13:46:10.375] [exthost] [info] ExtensionService#loadCommonJSModule file:///usr/lib/lib/vscode/extensions/vscode-account/dist/extension.js
[2020-05-18 13:46:10.385] [exthost] [info] eager extensions activated
[2020-05-18 13:48:13.098] [exthost] [info] ExtensionService#_doActivateExtension vscode.configuration-editing {"startup":false,"extensionId":{"value":"vscode.configuration-editing","_lower":"vscode.configuration-editing"},"activationEvent":"onLanguage:jsonc"}
[2020-05-18 13:48:13.098] [exthost] [info] ExtensionService#loadCommonJSModule file:///usr/lib/lib/vscode/extensions/configuration-editing/dist/extension
[2020-05-18 13:48:13.104] [exthost] [info] ExtensionService#_doActivateExtension vscode.json-language-features {"startup":false,"extensionId":{"value":"vscode.json-language-features","_lower":"vscode.json-language-features"},"activationEvent":"onLanguage:jsonc"}
[2020-05-18 13:48:13.105] [exthost] [info] ExtensionService#loadCommonJSModule file:///usr/lib/lib/vscode/extensions/json-language-features/client/dist/jsonMain
[2020-05-18 13:48:13.141] [exthost] [info] ExtensionService#_doActivateExtension vscode.typescript-language-features {"startup":false,"extensionId":{"value":"vscode.typescript-language-features","_lower":"vscode.typescript-language-features"},"activationEvent":"onLanguage:jsonc"}
[2020-05-18 13:48:13.141] [exthost] [info] ExtensionService#loadCommonJSModule file:///usr/lib/lib/vscode/extensions/typescript-language-features/dist/extension
[2020-05-18 13:50:51.353] [exthost] [info] ExtensionService#_doActivateExtension vscode.extension-editing {"startup":false,"extensionId":{"value":"vscode.extension-editing","_lower":"vscode.extension-editing"},"activationEvent":"onLanguage:json"}
[2020-05-18 13:50:51.353] [exthost] [info] ExtensionService#loadCommonJSModule file:///usr/lib/lib/vscode/extensions/extension-editing/dist/extension
[2020-05-18 13:50:51.374] [exthost] [info] ExtensionService#_doActivateExtension ms-vscode.js-debug-nightly {"startup":false,"extensionId":{"value":"ms-vscode.js-debug-nightly","_lower":"ms-vscode.js-debug-nightly"},"activationEvent":"onLanguage:json"}
[2020-05-18 13:50:51.374] [exthost] [info] ExtensionService#loadCommonJSModule file:///usr/lib/lib/vscode/extensions/ms-vscode.js-debug-nightly/src/extension.js
[2020-05-18 13:50:51.703] [exthost] [info] ExtensionService#_doActivateExtension vscode.npm {"startup":false,"extensionId":{"value":"vscode.npm","_lower":"vscode.npm"},"activationEvent":"onLanguage:json"}
[2020-05-18 13:50:51.703] [exthost] [info] ExtensionService#loadCommonJSModule file:///usr/lib/lib/vscode/extensions/npm/dist/main
[2020-05-18 14:00:45.905] [exthost] [info] extension host started
[2020-05-18 14:00:46.846] [exthost] [info] ExtensionService#_doActivateExtension vscode.debug-auto-launch {"startup":true,"extensionId":{"value":"vscode.debug-auto-launch","_lower":"vscode.debug-auto-launch"},"activationEvent":"*"}
[2020-05-18 14:00:46.846] [exthost] [info] ExtensionService#loadCommonJSModule file:///usr/lib/lib/vscode/extensions/debug-auto-launch/dist/extension
[2020-05-18 14:00:46.852] [exthost] [info] ExtensionService#_doActivateExtension vscode.emmet {"startup":true,"extensionId":{"value":"vscode.emmet","_lower":"vscode.emmet"},"activationEvent":"*"}
[2020-05-18 14:00:46.852] [exthost] [info] ExtensionService#loadCommonJSModule file:///usr/lib/lib/vscode/extensions/emmet/dist/extension
[2020-05-18 14:00:46.884] [exthost] [info] ExtensionService#_doActivateExtension vscode.git {"startup":true,"extensionId":{"value":"vscode.git","_lower":"vscode.git"},"activationEvent":"*"}
[2020-05-18 14:00:46.884] [exthost] [info] ExtensionService#loadCommonJSModule file:///usr/lib/lib/vscode/extensions/git/dist/main
[2020-05-18 14:00:46.942] [exthost] [info] ExtensionService#_doActivateExtension vscode.github-authentication {"startup":true,"extensionId":{"value":"vscode.github-authentication","_lower":"vscode.github-authentication"},"activationEvent":"*"}
[2020-05-18 14:00:46.942] [exthost] [info] ExtensionService#loadCommonJSModule file:///usr/lib/lib/vscode/extensions/github-authentication/dist/extension.js
[2020-05-18 14:00:46.946] [exthost] [info] ExtensionService#_doActivateExtension vscode.merge-conflict {"startup":true,"extensionId":{"value":"vscode.merge-conflict","_lower":"vscode.merge-conflict"},"activationEvent":"*"}
[2020-05-18 14:00:46.946] [exthost] [info] ExtensionService#loadCommonJSModule file:///usr/lib/lib/vscode/extensions/merge-conflict/dist/extension
[2020-05-18 14:00:46.950] [exthost] [info] ExtensionService#_doActivateExtension vscode.search-result {"startup":true,"extensionId":{"value":"vscode.search-result","_lower":"vscode.search-result"},"activationEvent":"*"}
[2020-05-18 14:00:46.950] [exthost] [info] ExtensionService#loadCommonJSModule file:///usr/lib/lib/vscode/extensions/search-result/dist/extension.js
[2020-05-18 14:00:46.952] [exthost] [info] ExtensionService#_doActivateExtension vscode.vscode-account {"startup":true,"extensionId":{"value":"vscode.vscode-account","_lower":"vscode.vscode-account"},"activationEvent":"*"}
[2020-05-18 14:00:46.952] [exthost] [info] ExtensionService#loadCommonJSModule file:///usr/lib/lib/vscode/extensions/vscode-account/dist/extension.js
[2020-05-18 14:00:46.958] [exthost] [info] eager extensions activated
[2020-05-18 14:01:04.327] [exthost] [info] ExtensionService#_doActivateExtension vscode.html-language-features {"startup":false,"extensionId":{"value":"vscode.html-language-features","_lower":"vscode.html-language-features"},"activationEvent":"onLanguage:html"}
[2020-05-18 14:01:04.328] [exthost] [info] ExtensionService#loadCommonJSModule file:///usr/lib/lib/vscode/extensions/html-language-features/client/dist/htmlMain
