[2020-05-18 15:08:44.314] [exthost] [info] extension host started
[2020-05-18 15:08:45.066] [exthost] [info] ExtensionService#_doActivateExtension vscode.emmet {"startup":false,"extensionId":{"value":"vscode.emmet","_lower":"vscode.emmet"},"activationEvent":"onLanguage:html"}
[2020-05-18 15:08:45.067] [exthost] [info] ExtensionService#loadCommonJSModule file:///usr/lib/lib/vscode/extensions/emmet/dist/extension
[2020-05-18 15:08:45.097] [exthost] [info] ExtensionService#_doActivateExtension vscode.html-language-features {"startup":false,"extensionId":{"value":"vscode.html-language-features","_lower":"vscode.html-language-features"},"activationEvent":"onLanguage:html"}
[2020-05-18 15:08:45.097] [exthost] [info] ExtensionService#loadCommonJSModule file:///usr/lib/lib/vscode/extensions/html-language-features/client/dist/htmlMain
[2020-05-18 15:08:45.138] [exthost] [info] ExtensionService#_doActivateExtension vscode.debug-auto-launch {"startup":true,"extensionId":{"value":"vscode.debug-auto-launch","_lower":"vscode.debug-auto-launch"},"activationEvent":"*"}
[2020-05-18 15:08:45.138] [exthost] [info] ExtensionService#loadCommonJSModule file:///usr/lib/lib/vscode/extensions/debug-auto-launch/dist/extension
[2020-05-18 15:08:45.141] [exthost] [info] ExtensionService#_doActivateExtension vscode.git {"startup":true,"extensionId":{"value":"vscode.git","_lower":"vscode.git"},"activationEvent":"*"}
[2020-05-18 15:08:45.141] [exthost] [info] ExtensionService#loadCommonJSModule file:///usr/lib/lib/vscode/extensions/git/dist/main
[2020-05-18 15:08:45.197] [exthost] [info] ExtensionService#_doActivateExtension vscode.github-authentication {"startup":true,"extensionId":{"value":"vscode.github-authentication","_lower":"vscode.github-authentication"},"activationEvent":"*"}
[2020-05-18 15:08:45.197] [exthost] [info] ExtensionService#loadCommonJSModule file:///usr/lib/lib/vscode/extensions/github-authentication/dist/extension.js
[2020-05-18 15:08:45.201] [exthost] [info] ExtensionService#_doActivateExtension vscode.merge-conflict {"startup":true,"extensionId":{"value":"vscode.merge-conflict","_lower":"vscode.merge-conflict"},"activationEvent":"*"}
[2020-05-18 15:08:45.201] [exthost] [info] ExtensionService#loadCommonJSModule file:///usr/lib/lib/vscode/extensions/merge-conflict/dist/extension
[2020-05-18 15:08:45.205] [exthost] [info] ExtensionService#_doActivateExtension vscode.search-result {"startup":true,"extensionId":{"value":"vscode.search-result","_lower":"vscode.search-result"},"activationEvent":"*"}
[2020-05-18 15:08:45.205] [exthost] [info] ExtensionService#loadCommonJSModule file:///usr/lib/lib/vscode/extensions/search-result/dist/extension.js
[2020-05-18 15:08:45.206] [exthost] [info] ExtensionService#_doActivateExtension vscode.vscode-account {"startup":true,"extensionId":{"value":"vscode.vscode-account","_lower":"vscode.vscode-account"},"activationEvent":"*"}
[2020-05-18 15:08:45.206] [exthost] [info] ExtensionService#loadCommonJSModule file:///usr/lib/lib/vscode/extensions/vscode-account/dist/extension.js
[2020-05-18 15:08:45.212] [exthost] [info] eager extensions activated
[2020-05-18 15:08:52.546] [exthost] [info] ExtensionService#_doActivateExtension vscode.typescript-language-features {"startup":false,"extensionId":{"value":"vscode.typescript-language-features","_lower":"vscode.typescript-language-features"},"activationEvent":"onLanguage:javascript"}
[2020-05-18 15:08:52.546] [exthost] [info] ExtensionService#loadCommonJSModule file:///usr/lib/lib/vscode/extensions/typescript-language-features/dist/extension
[2020-05-18 15:08:55.348] [exthost] [error] [vscode.typescript-language-features] provider FAILED
[2020-05-18 15:08:55.349] [exthost] [error] Error: busy
	at o._provideSemanticTokens (/usr/lib/lib/vscode/extensions/typescript-language-features/dist/extension.js:1:180275)
	at processTicksAndRejections (internal/process/task_queues.js:93:5)
[2020-05-18 15:08:55.740] [exthost] [info] [vscode.typescript-language-features] UNSAVE result from 'resolveCompletionItem', extension SHOULD NOT change any of: additionalTextEdits, or command
